0 info it worked if it ends with ok
1 verbose cli [ '/home/fpoumian/.nvm/versions/node/v6.9.1/bin/node',
1 verbose cli   '/home/fpoumian/.nvm/versions/node/v6.9.1/lib/node_modules/npm/bin/npm-cli.js',
1 verbose cli   'run',
1 verbose cli   'dev',
1 verbose cli   '--scripts-prepend-node-path=auto' ]
2 info using npm@3.10.8
3 info using node@v6.9.1
4 verbose run-script [ 'predev', 'dev', 'postdev' ]
5 info lifecycle halfelectronic@1.0.0~predev: halfelectronic@1.0.0
6 silly lifecycle halfelectronic@1.0.0~predev: no script for predev, continuing
7 info lifecycle halfelectronic@1.0.0~dev: halfelectronic@1.0.0
8 verbose lifecycle halfelectronic@1.0.0~dev: unsafe-perm in lifecycle true
9 verbose lifecycle halfelectronic@1.0.0~dev: PATH: /home/fpoumian/.nvm/versions/node/v6.9.1/lib/node_modules/npm/bin/node-gyp-bin:/media/fpoumian/seagate_dev/code/sites/halfelectronic.com/node_modules/.bin:/home/fpoumian/.nvm/versions/node/v6.9.1/bin:./bin/:./sbin/:./games/:../bin/:../sbin/:/home/fpoumian/.node_modules_global/bin:/usr/local/sbin:/usr/local/bin:/usr/sbin:/usr/bin:/sbin:/bin:/usr/games:/usr/local/games:/snap/bin
10 verbose lifecycle halfelectronic@1.0.0~dev: CWD: /media/fpoumian/seagate_dev/code/sites/halfelectronic.com
11 silly lifecycle halfelectronic@1.0.0~dev: Args: [ '-c', 'gatsby develop' ]
12 silly lifecycle halfelectronic@1.0.0~dev: Returned: code: 1  signal: null
13 info lifecycle halfelectronic@1.0.0~dev: Failed to exec dev script
14 verbose stack Error: halfelectronic@1.0.0 dev: `gatsby develop`
14 verbose stack Exit status 1
14 verbose stack     at EventEmitter.<anonymous> (/home/fpoumian/.nvm/versions/node/v6.9.1/lib/node_modules/npm/lib/utils/lifecycle.js:255:16)
14 verbose stack     at emitTwo (events.js:106:13)
14 verbose stack     at EventEmitter.emit (events.js:191:7)
14 verbose stack     at ChildProcess.<anonymous> (/home/fpoumian/.nvm/versions/node/v6.9.1/lib/node_modules/npm/lib/utils/spawn.js:40:14)
14 verbose stack     at emitTwo (events.js:106:13)
14 verbose stack     at ChildProcess.emit (events.js:191:7)
14 verbose stack     at maybeClose (internal/child_process.js:877:16)
14 verbose stack     at Process.ChildProcess._handle.onexit (internal/child_process.js:226:5)
15 verbose pkgid halfelectronic@1.0.0
16 verbose cwd /media/fpoumian/seagate_dev/code/sites/halfelectronic.com
17 error Linux 4.4.0-101-generic
18 error argv "/home/fpoumian/.nvm/versions/node/v6.9.1/bin/node" "/home/fpoumian/.nvm/versions/node/v6.9.1/lib/node_modules/npm/bin/npm-cli.js" "run" "dev" "--scripts-prepend-node-path=auto"
19 error node v6.9.1
20 error npm  v3.10.8
21 error code ELIFECYCLE
22 error halfelectronic@1.0.0 dev: `gatsby develop`
22 error Exit status 1
23 error Failed at the halfelectronic@1.0.0 dev script 'gatsby develop'.
23 error Make sure you have the latest version of node.js and npm installed.
23 error If you do, this is most likely a problem with the halfelectronic package,
23 error not with npm itself.
23 error Tell the author that this fails on your system:
23 error     gatsby develop
23 error You can get information on how to open an issue for this project with:
23 error     npm bugs halfelectronic
23 error Or if that isn't available, you can get their info via:
23 error     npm owner ls halfelectronic
23 error There is likely additional logging output above.
24 verbose exit [ 1, true ]
